Using pre-set license
Built from '2020.2/release' branch; Version is '2020.2.4f1 (becced5a802b) revision 12504301'; Using compiler version '192528614'; Build Type 'Release'
OS: 'Windows 10 Home; OS build 19045.4291; Version 2009; 64bit' Language: 'es' Physical Memory: 7987 MB
BatchMode: 1, IsHumanControllingUs: 0, StartBugReporterOnCrash: 0, Is64bit: 1, IsPro: 0

 COMMAND LINE ARGUMENTS:
C:\Program Files\Unity\Hub\Editor\2020.2.4f1\Editor\Unity.exe
-adb2
-batchMode
-noUpm
-name
AssetImportWorker0
-projectPath
C:/Users/Sallo/Desktop/SI/Lab2/Introduction to Scripting Part 1
-logFile
Logs/AssetImportWorker0.log
-srvPort
50865
Successfully changed project path to: C:/Users/Sallo/Desktop/SI/Lab2/Introduction to Scripting Part 1
C:/Users/Sallo/Desktop/SI/Lab2/Introduction to Scripting Part 1
Using Asset Import Pipeline V2.
Refreshing native plugins compatible for Editor in 34.50 ms, found 0 plugins.
Preloading 0 native plugins for Editor in 0.00 ms.
Initialize engine version: 2020.2.4f1 (becced5a802b)
[Subsystems] Discovering subsystems at path C:/Program Files/Unity/Hub/Editor/2020.2.4f1/Editor/Data/Resources/UnitySubsystems
[Subsystems] Discovering subsystems at path C:/Users/Sallo/Desktop/SI/Lab2/Introduction to Scripting Part 1/Assets
GfxDevice: creating device client; threaded=0
Direct3D:
    Version:  Direct3D 11.0 [level 11.1]
    Renderer: Intel(R) Iris(R) Plus Graphics (ID=0x8a52)
    Vendor:   
    VRAM:     3993 MB
    Driver:   27.20.100.9664
Initialize mono
Mono path[0] = 'C:/Program Files/Unity/Hub/Editor/2020.2.4f1/Editor/Data/Managed'
Mono path[1] = 'C:/Program Files/Unity/Hub/Editor/2020.2.4f1/Editor/Data/MonoBleedingEdge/lib/mono/unityjit'
Mono config path = 'C:/Program Files/Unity/Hub/Editor/2020.2.4f1/Editor/Data/MonoBleedingEdge/etc'
Using monoOptions --debugger-agent=transport=dt_socket,embedding=1,server=y,suspend=n,address=127.0.0.1:56520
Begin MonoManager ReloadAssembly
Registering precompiled unity dll's ...
Register platform support module: C:/Program Files/Unity/Hub/Editor/2020.2.4f1/Editor/Data/PlaybackEngines/WindowsStandaloneSupport/UnityEditor.WindowsStandalone.Extensions.dll
Registered in 0.009682 seconds.
Native extension for WindowsStandalone target not found
Refreshing native plugins compatible for Editor in 32.94 ms, found 0 plugins.
Preloading 0 native plugins for Editor in 0.00 ms.
Invoked RoslynAnalysisRunner static constructor.
RoslynAnalysisRunner will not be running.
RoslynAnalysisRunner has terminated.
Mono: successfully reloaded assembly
- Completed reload, in  3.893 seconds
Platform modules already initialized, skipping
Registering precompiled user dll's ...
Registered in 0.003549 seconds.
Begin MonoManager ReloadAssembly
Native extension for WindowsStandalone target not found
Refreshing native plugins compatible for Editor in 0.23 ms, found 0 plugins.
Preloading 0 native plugins for Editor in 0.00 ms.
Invoked RoslynAnalysisRunner static constructor.
RoslynAnalysisRunner will not be running.
RoslynAnalysisRunner has terminated.
Mono: successfully reloaded assembly
- Completed reload, in  1.390 seconds
Platform modules already initialized, skipping
========================================================================
Worker process is ready to serve import requests
Launched and connected shader compiler UnityShaderCompiler.exe after 0.07 seconds
Refreshing native plugins compatible for Editor in 0.18 ms, found 0 plugins.
Preloading 0 native plugins for Editor in 0.00 ms.
Unloading 1093 Unused Serialized files (Serialized files now loaded: 0)
System memory in use before: 56.5 MB.
System memory in use after: 56.5 MB.

Unloading 9 unused Assets to reduce memory usage. Loaded Objects now: 1536.
Total: 2.334400 ms (FindLiveObjects: 0.126300 ms CreateObjectMapping: 0.025500 ms MarkObjects: 1.459200 ms  DeleteObjects: 0.721800 ms)

========================================================================
Received Import Request.
  path: Assets/RW/Scenes/Game.unity
  artifactKey: Guid(c7d17eeaad25ad645b5a59c641b15767) Importer(815301076,1909f56bfc062723c751e8b465ee728b)
Start importing Assets/RW/Scenes/Game.unity using Guid(c7d17eeaad25ad645b5a59c641b15767) Importer(815301076,1909f56bfc062723c751e8b465ee728b)  -> (artifact id: '4239bda670a02eb68ac784c8445e17ba') in 0.030612 seconds
  Import took 0.037399 seconds .

========================================================================
Received Import Request.
  Time since last request: 160.069614 seconds.
  path: Assets/RW/Prefabs/Hay Bale.prefab
  artifactKey: Guid(1ef4fbb0e519ffb4b9d27f1e5aa2af7e) Importer(815301076,1909f56bfc062723c751e8b465ee728b)
Start importing Assets/RW/Prefabs/Hay Bale.prefab using Guid(1ef4fbb0e519ffb4b9d27f1e5aa2af7e) Importer(815301076,1909f56bfc062723c751e8b465ee728b)  -> (artifact id: '9427a8c9c937f33068797a25a13e3ced') in 0.274316 seconds
  Import took 0.279467 seconds .

========================================================================
Received Import Request.
  Time since last request: 0.000685 seconds.
  path: Assets/RW/Prefabs/Sheep.prefab
  artifactKey: Guid(4879c8f9d9e74454f829e8b89d45370b) Importer(815301076,1909f56bfc062723c751e8b465ee728b)
Start importing Assets/RW/Prefabs/Sheep.prefab using Guid(4879c8f9d9e74454f829e8b89d45370b) Importer(815301076,1909f56bfc062723c751e8b465ee728b)  -> (artifact id: '7853c0853455b2a4f7d62dc27855b012') in 0.042215 seconds
  Import took 0.046855 seconds .

========================================================================
Received Import Request.
  Time since last request: 0.000442 seconds.
  path: Assets/RW/Prefabs/Heart.prefab
  artifactKey: Guid(86b767285eb5ac24d8bfa1523d19440e) Importer(815301076,1909f56bfc062723c751e8b465ee728b)
Start importing Assets/RW/Prefabs/Heart.prefab using Guid(86b767285eb5ac24d8bfa1523d19440e) Importer(815301076,1909f56bfc062723c751e8b465ee728b)  -> (artifact id: '5c014dfa687c11a6c69e56b908c31ac8') in 0.033952 seconds
  Import took 0.037022 seconds .

========================================================================
Received Import Request.
  Time since last request: 0.002812 seconds.
  path: Assets/RW/Prefabs/Heart.prefab
  artifactKey: Guid(86b767285eb5ac24d8bfa1523d19440e) Importer(815301076,1909f56bfc062723c751e8b465ee728b)
Start importing Assets/RW/Prefabs/Heart.prefab using Guid(86b767285eb5ac24d8bfa1523d19440e) Importer(815301076,1909f56bfc062723c751e8b465ee728b)  -> (artifact id: '5c014dfa687c11a6c69e56b908c31ac8') in 0.023823 seconds
  Import took 0.028546 seconds .

========================================================================
Received Import Request.
  Time since last request: 1.446839 seconds.
  path: Assets/RW/Scenes/Title.unity
  artifactKey: Guid(54f7faf678be11946b167b94af6da5b7) Importer(815301076,1909f56bfc062723c751e8b465ee728b)
Start importing Assets/RW/Scenes/Title.unity using Guid(54f7faf678be11946b167b94af6da5b7) Importer(815301076,1909f56bfc062723c751e8b465ee728b)  -> (artifact id: '6bba2b8ebf51ed00db9256b4cb1bfc8d') in 0.019788 seconds
  Import took 0.024539 seconds .

========================================================================
Received Import Request.
  Time since last request: 103.301454 seconds.
  path: Assets/RW/Scripts/Managers/UIManager.cs
  artifactKey: Guid(4b552960b18d1cc48b5fb5aba6667ac6) Importer(815301076,1909f56bfc062723c751e8b465ee728b)
Start importing Assets/RW/Scripts/Managers/UIManager.cs using Guid(4b552960b18d1cc48b5fb5aba6667ac6) Importer(815301076,1909f56bfc062723c751e8b465ee728b)  -> (artifact id: '6a012459c005543214a3cd3695654c0d') in 0.032999 seconds
  Import took 0.036852 seconds .

========================================================================
Received Import Request.
  Time since last request: 374.213776 seconds.
  path: Assets/RW/Scripts/Title/StartButton.cs
  artifactKey: Guid(5bb3ac58748950d419b7eec64cbc4356) Importer(815301076,1909f56bfc062723c751e8b465ee728b)
Start importing Assets/RW/Scripts/Title/StartButton.cs using Guid(5bb3ac58748950d419b7eec64cbc4356) Importer(815301076,1909f56bfc062723c751e8b465ee728b)  -> (artifact id: 'dfeaa1f0287b6c53a2957ae8888cef51') in 0.017598 seconds
  Import took 0.022865 seconds .

========================================================================
Received Import Request.
  Time since last request: 39.010187 seconds.
  path: Assets/RW/Scripts/Title/StartButtton.cs
  artifactKey: Guid(5bb3ac58748950d419b7eec64cbc4356) Importer(815301076,1909f56bfc062723c751e8b465ee728b)
Start importing Assets/RW/Scripts/Title/StartButtton.cs using Guid(5bb3ac58748950d419b7eec64cbc4356) Importer(815301076,1909f56bfc062723c751e8b465ee728b)  -> (artifact id: 'dc8924d4a3ed10452201a4b28dfa69db') in 0.015929 seconds
  Import took 0.020681 seconds .

========================================================================
Received Import Request.
  Time since last request: 15.658308 seconds.
  path: Assets/RW/Scripts/Title/StartButton.cs
  artifactKey: Guid(57e6c38311c6e8e45bf86d509e1cf51a) Importer(815301076,1909f56bfc062723c751e8b465ee728b)
Start importing Assets/RW/Scripts/Title/StartButton.cs using Guid(57e6c38311c6e8e45bf86d509e1cf51a) Importer(815301076,1909f56bfc062723c751e8b465ee728b)  -> (artifact id: '87eabd113243bf14186bdebe59c3e2c0') in 0.005594 seconds
  Import took 0.013797 seconds .

========================================================================
Received Import Request.
  Time since last request: 0.011557 seconds.
  path: Assets/RW/Scripts/Title/StartButton.cs
  artifactKey: Guid(57e6c38311c6e8e45bf86d509e1cf51a) Importer(815301076,1909f56bfc062723c751e8b465ee728b)
Start importing Assets/RW/Scripts/Title/StartButton.cs using Guid(57e6c38311c6e8e45bf86d509e1cf51a) Importer(815301076,1909f56bfc062723c751e8b465ee728b)  -> (artifact id: '87eabd113243bf14186bdebe59c3e2c0') in 0.005348 seconds
  Import took 0.008868 seconds .

========================================================================
Received Import Request.
  Time since last request: 123.745730 seconds.
  path: Assets/RW/Scripts/Title.cs
  artifactKey: Guid(f19f3bad1260b974a943443f6371b528) Importer(815301076,1909f56bfc062723c751e8b465ee728b)
Start importing Assets/RW/Scripts/Title.cs using Guid(f19f3bad1260b974a943443f6371b528) Importer(815301076,1909f56bfc062723c751e8b465ee728b)  -> (artifact id: '2fa9d6ebcdb4df6b971696b5d3cb9961') in 0.017583 seconds
  Import took 0.021812 seconds .

========================================================================
Received Import Request.
  Time since last request: 0.002082 seconds.
  path: Assets/RW/Scripts/Title.cs
  artifactKey: Guid(f19f3bad1260b974a943443f6371b528) Importer(815301076,1909f56bfc062723c751e8b465ee728b)
Start importing Assets/RW/Scripts/Title.cs using Guid(f19f3bad1260b974a943443f6371b528) Importer(815301076,1909f56bfc062723c751e8b465ee728b)  -> (artifact id: '2fa9d6ebcdb4df6b971696b5d3cb9961') in 0.006259 seconds
  Import took 0.009228 seconds .

========================================================================
Received Prepare
Registering precompiled user dll's ...
Registered in 0.000716 seconds.
Begin MonoManager ReloadAssembly
Native extension for WindowsStandalone target not found
Refreshing native plugins compatible for Editor in 0.41 ms, found 0 plugins.
Preloading 0 native plugins for Editor in 0.00 ms.
Invoked RoslynAnalysisRunner static constructor.
RoslynAnalysisRunner will not be running.
RoslynAnalysisRunner has terminated.
Mono: successfully reloaded assembly
- Completed reload, in  1.182 seconds
Platform modules already initialized, skipping
Refreshing native plugins compatible for Editor in 0.18 ms, found 0 plugins.
Preloading 0 native plugins for Editor in 0.00 ms.
Unloading 1085 Unused Serialized files (Serialized files now loaded: 0)
System memory in use before: 59.5 MB.
System memory in use after: 59.6 MB.

Unloading 6 unused Assets to reduce memory usage. Loaded Objects now: 1543.
Total: 3.592900 ms (FindLiveObjects: 0.181700 ms CreateObjectMapping: 0.040300 ms MarkObjects: 3.329900 ms  DeleteObjects: 0.038700 ms)

========================================================================
Received Import Request.
  Time since last request: 57.927828 seconds.
  path: Assets/RW/Scripts/Title/StartButton.cs
  artifactKey: Guid(5bb3ac58748950d419b7eec64cbc4356) Importer(815301076,1909f56bfc062723c751e8b465ee728b)
Start importing Assets/RW/Scripts/Title/StartButton.cs using Guid(5bb3ac58748950d419b7eec64cbc4356) Importer(815301076,1909f56bfc062723c751e8b465ee728b)  -> (artifact id: '357f33d13b2a9d0f05da6e2bcd548677') in 0.008906 seconds
  Import took 0.012215 seconds .

========================================================================
Received Prepare
Registering precompiled user dll's ...
Registered in 0.001351 seconds.
Begin MonoManager ReloadAssembly
Native extension for WindowsStandalone target not found
Refreshing native plugins compatible for Editor in 0.22 ms, found 0 plugins.
Preloading 0 native plugins for Editor in 0.00 ms.
Invoked RoslynAnalysisRunner static constructor.
RoslynAnalysisRunner will not be running.
RoslynAnalysisRunner has terminated.
Mono: successfully reloaded assembly
- Completed reload, in  1.036 seconds
Platform modules already initialized, skipping
Refreshing native plugins compatible for Editor in 0.34 ms, found 0 plugins.
Preloading 0 native plugins for Editor in 0.00 ms.
Unloading 1086 Unused Serialized files (Serialized files now loaded: 0)
System memory in use before: 59.5 MB.
System memory in use after: 59.6 MB.

Unloading 4 unused Assets to reduce memory usage. Loaded Objects now: 1546.
Total: 2.060600 ms (FindLiveObjects: 0.174400 ms CreateObjectMapping: 0.038800 ms MarkObjects: 1.826000 ms  DeleteObjects: 0.018600 ms)

========================================================================
Received Prepare
Registering precompiled user dll's ...
Registered in 0.000889 seconds.
Begin MonoManager ReloadAssembly
Native extension for WindowsStandalone target not found
Refreshing native plugins compatible for Editor in 0.35 ms, found 0 plugins.
Preloading 0 native plugins for Editor in 0.00 ms.
Invoked RoslynAnalysisRunner static constructor.
RoslynAnalysisRunner will not be running.
RoslynAnalysisRunner has terminated.
Mono: successfully reloaded assembly
- Completed reload, in  1.106 seconds
Platform modules already initialized, skipping
Refreshing native plugins compatible for Editor in 0.31 ms, found 0 plugins.
Preloading 0 native plugins for Editor in 0.00 ms.
Unloading 1086 Unused Serialized files (Serialized files now loaded: 0)
System memory in use before: 59.6 MB.
System memory in use after: 59.7 MB.

Unloading 4 unused Assets to reduce memory usage. Loaded Objects now: 1548.
Total: 3.318400 ms (FindLiveObjects: 0.205800 ms CreateObjectMapping: 0.036500 ms MarkObjects: 3.003500 ms  DeleteObjects: 0.070700 ms)

========================================================================
Received Prepare
Registering precompiled user dll's ...
Registered in 0.000914 seconds.
Begin MonoManager ReloadAssembly
Native extension for WindowsStandalone target not found
Refreshing native plugins compatible for Editor in 0.20 ms, found 0 plugins.
Preloading 0 native plugins for Editor in 0.00 ms.
Invoked RoslynAnalysisRunner static constructor.
RoslynAnalysisRunner will not be running.
RoslynAnalysisRunner has terminated.
Mono: successfully reloaded assembly
- Completed reload, in  1.176 seconds
Platform modules already initialized, skipping
Refreshing native plugins compatible for Editor in 0.39 ms, found 0 plugins.
Preloading 0 native plugins for Editor in 0.00 ms.
Unloading 1086 Unused Serialized files (Serialized files now loaded: 0)
System memory in use before: 59.6 MB.
System memory in use after: 59.7 MB.

Unloading 4 unused Assets to reduce memory usage. Loaded Objects now: 1550.
Total: 3.657600 ms (FindLiveObjects: 0.255400 ms CreateObjectMapping: 0.037800 ms MarkObjects: 3.340700 ms  DeleteObjects: 0.021400 ms)

========================================================================
Received Import Request.
  Time since last request: 111.631019 seconds.
  path: Assets/RW/Scripts/Title/StartButton1.cs
  artifactKey: Guid(96eb501423dea3244b89eeff8e274b09) Importer(815301076,1909f56bfc062723c751e8b465ee728b)
Start importing Assets/RW/Scripts/Title/StartButton1.cs using Guid(96eb501423dea3244b89eeff8e274b09) Importer(815301076,1909f56bfc062723c751e8b465ee728b)  -> (artifact id: 'dfc89da4394a7872a10bbaef21c97b91') in 0.019079 seconds
  Import took 0.024470 seconds .

========================================================================
Received Import Request.
  Time since last request: 0.080451 seconds.
  path: Assets/RW/Scripts/Title/StartButton1.cs
  artifactKey: Guid(96eb501423dea3244b89eeff8e274b09) Importer(815301076,1909f56bfc062723c751e8b465ee728b)
Start importing Assets/RW/Scripts/Title/StartButton1.cs using Guid(96eb501423dea3244b89eeff8e274b09) Importer(815301076,1909f56bfc062723c751e8b465ee728b)  -> (artifact id: 'dfc89da4394a7872a10bbaef21c97b91') in 0.005383 seconds
  Import took 0.008168 seconds .

========================================================================
Received Import Request.
  Time since last request: 17.062984 seconds.
  path: Assets/RW/Scripts/Title/QuitButton.cs
  artifactKey: Guid(96eb501423dea3244b89eeff8e274b09) Importer(815301076,1909f56bfc062723c751e8b465ee728b)
Start importing Assets/RW/Scripts/Title/QuitButton.cs using Guid(96eb501423dea3244b89eeff8e274b09) Importer(815301076,1909f56bfc062723c751e8b465ee728b)  -> (artifact id: '8d1a8e54fb75507311b33c26c056b716') in 0.014048 seconds
  Import took 0.017198 seconds .

========================================================================
Received Prepare
Registering precompiled user dll's ...
Registered in 0.001107 seconds.
Begin MonoManager ReloadAssembly
Native extension for WindowsStandalone target not found
Refreshing native plugins compatible for Editor in 0.37 ms, found 0 plugins.
Preloading 0 native plugins for Editor in 0.00 ms.
Invoked RoslynAnalysisRunner static constructor.
RoslynAnalysisRunner will not be running.
RoslynAnalysisRunner has terminated.
Mono: successfully reloaded assembly
- Completed reload, in  1.000 seconds
Platform modules already initialized, skipping
Refreshing native plugins compatible for Editor in 0.21 ms, found 0 plugins.
Preloading 0 native plugins for Editor in 0.00 ms.
Unloading 1087 Unused Serialized files (Serialized files now loaded: 0)
System memory in use before: 59.6 MB.
System memory in use after: 59.7 MB.

Unloading 4 unused Assets to reduce memory usage. Loaded Objects now: 1553.
Total: 1.925800 ms (FindLiveObjects: 0.117700 ms CreateObjectMapping: 0.035600 ms MarkObjects: 1.746300 ms  DeleteObjects: 0.024300 ms)

========================================================================
Received Import Request.
  Time since last request: 26.743710 seconds.
  path: Assets/RW/Scripts/Title/QuitButton.cs
  artifactKey: Guid(96eb501423dea3244b89eeff8e274b09) Importer(815301076,1909f56bfc062723c751e8b465ee728b)
Start importing Assets/RW/Scripts/Title/QuitButton.cs using Guid(96eb501423dea3244b89eeff8e274b09) Importer(815301076,1909f56bfc062723c751e8b465ee728b)  -> (artifact id: 'abe442c77a7ebac757e99559eb4356ea') in 0.009460 seconds
  Import took 0.014436 seconds .

========================================================================
Received Prepare
Registering precompiled user dll's ...
Registered in 0.000693 seconds.
Begin MonoManager ReloadAssembly
Native extension for WindowsStandalone target not found
Refreshing native plugins compatible for Editor in 0.39 ms, found 0 plugins.
Preloading 0 native plugins for Editor in 0.00 ms.
Invoked RoslynAnalysisRunner static constructor.
RoslynAnalysisRunner will not be running.
RoslynAnalysisRunner has terminated.
Mono: successfully reloaded assembly
- Completed reload, in  1.022 seconds
Platform modules already initialized, skipping
Refreshing native plugins compatible for Editor in 0.34 ms, found 0 plugins.
Preloading 0 native plugins for Editor in 0.00 ms.
Unloading 1087 Unused Serialized files (Serialized files now loaded: 0)
System memory in use before: 59.6 MB.
System memory in use after: 59.7 MB.

Unloading 4 unused Assets to reduce memory usage. Loaded Objects now: 1555.
Total: 2.207600 ms (FindLiveObjects: 0.136300 ms CreateObjectMapping: 0.041500 ms MarkObjects: 2.000700 ms  DeleteObjects: 0.027000 ms)

========================================================================
Received Import Request.
  Time since last request: 73.349312 seconds.
  path: Assets/RW/Scripts/Title/ChangeColorOnMouseOver.cs
  artifactKey: Guid(a81e88ca3a73da045a33022dbd11fd1d) Importer(815301076,1909f56bfc062723c751e8b465ee728b)
Start importing Assets/RW/Scripts/Title/ChangeColorOnMouseOver.cs using Guid(a81e88ca3a73da045a33022dbd11fd1d) Importer(815301076,1909f56bfc062723c751e8b465ee728b)  -> (artifact id: 'b51e4731e0e12c925b568530daed6d83') in 0.018411 seconds
  Import took 0.022807 seconds .

========================================================================
Received Prepare
Registering precompiled user dll's ...
Registered in 0.001393 seconds.
Begin MonoManager ReloadAssembly
Native extension for WindowsStandalone target not found
Refreshing native plugins compatible for Editor in 0.33 ms, found 0 plugins.
Preloading 0 native plugins for Editor in 0.00 ms.
Invoked RoslynAnalysisRunner static constructor.
RoslynAnalysisRunner will not be running.
RoslynAnalysisRunner has terminated.
Mono: successfully reloaded assembly
- Completed reload, in  1.206 seconds
Platform modules already initialized, skipping
Refreshing native plugins compatible for Editor in 0.38 ms, found 0 plugins.
Preloading 0 native plugins for Editor in 0.00 ms.
Unloading 1088 Unused Serialized files (Serialized files now loaded: 0)
System memory in use before: 59.6 MB.
System memory in use after: 59.7 MB.

Unloading 4 unused Assets to reduce memory usage. Loaded Objects now: 1558.
Total: 3.451800 ms (FindLiveObjects: 0.193900 ms CreateObjectMapping: 0.026600 ms MarkObjects: 3.184800 ms  DeleteObjects: 0.018400 ms)

========================================================================
Received Prepare
Registering precompiled user dll's ...
Registered in 0.001276 seconds.
Begin MonoManager ReloadAssembly
Native extension for WindowsStandalone target not found
Refreshing native plugins compatible for Editor in 0.29 ms, found 0 plugins.
Preloading 0 native plugins for Editor in 0.00 ms.
Invoked RoslynAnalysisRunner static constructor.
RoslynAnalysisRunner will not be running.
RoslynAnalysisRunner has terminated.
Mono: successfully reloaded assembly
- Completed reload, in  1.028 seconds
Platform modules already initialized, skipping
Refreshing native plugins compatible for Editor in 0.28 ms, found 0 plugins.
Preloading 0 native plugins for Editor in 0.00 ms.
Unloading 1088 Unused Serialized files (Serialized files now loaded: 0)
System memory in use before: 59.6 MB.
System memory in use after: 59.7 MB.

Unloading 4 unused Assets to reduce memory usage. Loaded Objects now: 1560.
Total: 2.380800 ms (FindLiveObjects: 0.276900 ms CreateObjectMapping: 0.093500 ms MarkObjects: 1.972300 ms  DeleteObjects: 0.035400 ms)

========================================================================
Received Import Request.
  Time since last request: 122.773387 seconds.
  path: Assets/RW/Scripts/Title/ChangeColorOnMouseOver.cs
  artifactKey: Guid(a81e88ca3a73da045a33022dbd11fd1d) Importer(815301076,1909f56bfc062723c751e8b465ee728b)
Start importing Assets/RW/Scripts/Title/ChangeColorOnMouseOver.cs using Guid(a81e88ca3a73da045a33022dbd11fd1d) Importer(815301076,1909f56bfc062723c751e8b465ee728b)  -> (artifact id: '61e7c2488861a84c14e37e18cb40dbc9') in 0.010724 seconds
  Import took 0.014531 seconds .

========================================================================
Received Prepare
Registering precompiled user dll's ...
Registered in 0.000719 seconds.
Begin MonoManager ReloadAssembly
Native extension for WindowsStandalone target not found
Refreshing native plugins compatible for Editor in 0.20 ms, found 0 plugins.
Preloading 0 native plugins for Editor in 0.00 ms.
Invoked RoslynAnalysisRunner static constructor.
RoslynAnalysisRunner will not be running.
RoslynAnalysisRunner has terminated.
Mono: successfully reloaded assembly
- Completed reload, in  1.138 seconds
Platform modules already initialized, skipping
Refreshing native plugins compatible for Editor in 0.39 ms, found 0 plugins.
Preloading 0 native plugins for Editor in 0.00 ms.
Unloading 1088 Unused Serialized files (Serialized files now loaded: 0)
System memory in use before: 59.6 MB.
System memory in use after: 59.7 MB.

Unloading 4 unused Assets to reduce memory usage. Loaded Objects now: 1562.
Total: 2.218700 ms (FindLiveObjects: 0.170000 ms CreateObjectMapping: 0.033500 ms MarkObjects: 1.994800 ms  DeleteObjects: 0.018600 ms)

========================================================================
Received Prepare
Registering precompiled user dll's ...
Registered in 0.001047 seconds.
Begin MonoManager ReloadAssembly
Native extension for WindowsStandalone target not found
Refreshing native plugins compatible for Editor in 0.19 ms, found 0 plugins.
Preloading 0 native plugins for Editor in 0.00 ms.
Invoked RoslynAnalysisRunner static constructor.
RoslynAnalysisRunner will not be running.
RoslynAnalysisRunner has terminated.
Mono: successfully reloaded assembly
- Completed reload, in  1.055 seconds
Platform modules already initialized, skipping
Refreshing native plugins compatible for Editor in 0.22 ms, found 0 plugins.
Preloading 0 native plugins for Editor in 0.00 ms.
Unloading 1088 Unused Serialized files (Serialized files now loaded: 0)
System memory in use before: 59.6 MB.
System memory in use after: 59.7 MB.

Unloading 4 unused Assets to reduce memory usage. Loaded Objects now: 1564.
Total: 3.485100 ms (FindLiveObjects: 0.153200 ms CreateObjectMapping: 0.026900 ms MarkObjects: 3.263800 ms  DeleteObjects: 0.038600 ms)

========================================================================
Received Import Request.
  Time since last request: 898.041810 seconds.
  path: Assets/RW/Prefabs/Hay Machine Models
  artifactKey: Guid(e45aac00bd452754d8b7cadfe745f44d) Importer(815301076,1909f56bfc062723c751e8b465ee728b)
Start importing Assets/RW/Prefabs/Hay Machine Models using Guid(e45aac00bd452754d8b7cadfe745f44d) Importer(815301076,1909f56bfc062723c751e8b465ee728b)  -> (artifact id: 'f625b94443462e1e32a97d327b20a395') in 0.023460 seconds
  Import took 0.029269 seconds .

========================================================================
Received Import Request.
  Time since last request: 0.003487 seconds.
  path: Assets/RW/Prefabs/Hay Machine Models/Hay Machine Blue.prefab
  artifactKey: Guid(5c5170d876533ae43bc2e4b15c8e6f6e) Importer(815301076,1909f56bfc062723c751e8b465ee728b)
Start importing Assets/RW/Prefabs/Hay Machine Models/Hay Machine Blue.prefab using Guid(5c5170d876533ae43bc2e4b15c8e6f6e) Importer(815301076,1909f56bfc062723c751e8b465ee728b)  -> (artifact id: '22ed66a7b200b0d80dad1ffe3cf33985') in 0.100213 seconds
  Import took 0.105687 seconds .

========================================================================
Received Import Request.
  Time since last request: 0.000578 seconds.
  path: Assets/RW/Prefabs/Hay Machine Models/Hay Machine Yellow.prefab
  artifactKey: Guid(28d1a170d9eea59478aa66152b57f446) Importer(815301076,1909f56bfc062723c751e8b465ee728b)
Start importing Assets/RW/Prefabs/Hay Machine Models/Hay Machine Yellow.prefab using Guid(28d1a170d9eea59478aa66152b57f446) Importer(815301076,1909f56bfc062723c751e8b465ee728b)  -> (artifact id: '8d7ee753b86f1c819055f2a362eba643') in 0.058227 seconds
  Import took 0.063587 seconds .

========================================================================
Received Import Request.
  Time since last request: 0.000497 seconds.
  path: Assets/RW/Prefabs/Hay Machine Models/Hay Machine Red.prefab
  artifactKey: Guid(5162234e78cffba45b0498c4775c0be7) Importer(815301076,1909f56bfc062723c751e8b465ee728b)
Start importing Assets/RW/Prefabs/Hay Machine Models/Hay Machine Red.prefab using Guid(5162234e78cffba45b0498c4775c0be7) Importer(815301076,1909f56bfc062723c751e8b465ee728b)  -> (artifact id: 'fab8b2d4fdd44a88f5df316ba56e5cec') in 0.046869 seconds
  Import took 0.051778 seconds .

========================================================================
Received Import Request.
  Time since last request: 180.663867 seconds.
  path: Assets/RW/Scripts/Shared
  artifactKey: Guid(4464cfc29d5f1ac409fe155676775f00) Importer(815301076,1909f56bfc062723c751e8b465ee728b)
Start importing Assets/RW/Scripts/Shared using Guid(4464cfc29d5f1ac409fe155676775f00) Importer(815301076,1909f56bfc062723c751e8b465ee728b)  -> (artifact id: '22f0aef88b55350110fab8052c5ebdf2') in 0.016649 seconds
  Import took 0.021765 seconds .

========================================================================
Received Import Request.
  Time since last request: 0.008958 seconds.
  path: Assets/RW/Scripts/Shared
  artifactKey: Guid(4464cfc29d5f1ac409fe155676775f00) Importer(815301076,1909f56bfc062723c751e8b465ee728b)
Start importing Assets/RW/Scripts/Shared using Guid(4464cfc29d5f1ac409fe155676775f00) Importer(815301076,1909f56bfc062723c751e8b465ee728b)  -> (artifact id: '22f0aef88b55350110fab8052c5ebdf2') in 0.005507 seconds
  Import took 0.009232 seconds .

========================================================================
Received Import Request.
  Time since last request: 23.317844 seconds.
  path: Assets/RW/Scripts/Shared/HayMachineColor.cs
  artifactKey: Guid(5ab9e6d206c9344439cbba0cfd5d9b23) Importer(815301076,1909f56bfc062723c751e8b465ee728b)
Start importing Assets/RW/Scripts/Shared/HayMachineColor.cs using Guid(5ab9e6d206c9344439cbba0cfd5d9b23) Importer(815301076,1909f56bfc062723c751e8b465ee728b)  -> (artifact id: '042883595eabee5d10e99e4c85ef1153') in 0.016515 seconds
  Import took 0.019672 seconds .

========================================================================
Received Prepare
Registering precompiled user dll's ...
Registered in 0.000794 seconds.
Begin MonoManager ReloadAssembly
Native extension for WindowsStandalone target not found
Refreshing native plugins compatible for Editor in 0.24 ms, found 0 plugins.
Preloading 0 native plugins for Editor in 0.00 ms.
Invoked RoslynAnalysisRunner static constructor.
RoslynAnalysisRunner will not be running.
RoslynAnalysisRunner has terminated.
Mono: successfully reloaded assembly
- Completed reload, in  1.147 seconds
Platform modules already initialized, skipping
Refreshing native plugins compatible for Editor in 0.35 ms, found 0 plugins.
Preloading 0 native plugins for Editor in 0.00 ms.
Unloading 1089 Unused Serialized files (Serialized files now loaded: 0)
System memory in use before: 59.7 MB.
System memory in use after: 59.8 MB.

Unloading 4 unused Assets to reduce memory usage. Loaded Objects now: 1568.
Total: 1.786700 ms (FindLiveObjects: 0.131200 ms CreateObjectMapping: 0.030500 ms MarkObjects: 1.603700 ms  DeleteObjects: 0.019600 ms)

========================================================================
Received Prepare
Registering precompiled user dll's ...
Registered in 0.001782 seconds.
Begin MonoManager ReloadAssembly
Native extension for WindowsStandalone target not found
Refreshing native plugins compatible for Editor in 0.36 ms, found 0 plugins.
Preloading 0 native plugins for Editor in 0.00 ms.
Invoked RoslynAnalysisRunner static constructor.
RoslynAnalysisRunner will not be running.
RoslynAnalysisRunner has terminated.
Mono: successfully reloaded assembly
- Completed reload, in  1.240 seconds
Platform modules already initialized, skipping
Refreshing native plugins compatible for Editor in 0.33 ms, found 0 plugins.
Preloading 0 native plugins for Editor in 0.00 ms.
Unloading 1089 Unused Serialized files (Serialized files now loaded: 0)
System memory in use before: 59.7 MB.
System memory in use after: 59.8 MB.

Unloading 4 unused Assets to reduce memory usage. Loaded Objects now: 1570.
Total: 2.352900 ms (FindLiveObjects: 0.168200 ms CreateObjectMapping: 0.039900 ms MarkObjects: 2.118500 ms  DeleteObjects: 0.023900 ms)

========================================================================
Received Prepare
Registering precompiled user dll's ...
Registered in 0.000996 seconds.
Begin MonoManager ReloadAssembly
Native extension for WindowsStandalone target not found
Refreshing native plugins compatible for Editor in 0.36 ms, found 0 plugins.
Preloading 0 native plugins for Editor in 0.00 ms.
Invoked RoslynAnalysisRunner static constructor.
RoslynAnalysisRunner will not be running.
RoslynAnalysisRunner has terminated.
Mono: successfully reloaded assembly
- Completed reload, in  1.113 seconds
Platform modules already initialized, skipping
Refreshing native plugins compatible for Editor in 0.19 ms, found 0 plugins.
Preloading 0 native plugins for Editor in 0.00 ms.
Unloading 1090 Unused Serialized files (Serialized files now loaded: 0)
System memory in use before: 59.7 MB.
System memory in use after: 59.8 MB.

Unloading 4 unused Assets to reduce memory usage. Loaded Objects now: 1573.
Total: 2.522200 ms (FindLiveObjects: 0.120300 ms CreateObjectMapping: 0.022800 ms MarkObjects: 2.361200 ms  DeleteObjects: 0.016500 ms)

========================================================================
Received Import Request.
  Time since last request: 134.731080 seconds.
  path: Assets/RW/Scripts/Shared/GameSetting.cs
  artifactKey: Guid(e8fda8bc0ebb453429097f5af543b976) Importer(815301076,1909f56bfc062723c751e8b465ee728b)
Start importing Assets/RW/Scripts/Shared/GameSetting.cs using Guid(e8fda8bc0ebb453429097f5af543b976) Importer(815301076,1909f56bfc062723c751e8b465ee728b)  -> (artifact id: '8208b2621780ce93281214c114a2a87d') in 0.018857 seconds
  Import took 0.024298 seconds .

========================================================================
Received Import Request.
  Time since last request: 9.961673 seconds.
  path: Assets/RW/Scripts/Shared/GameSettings.cs
  artifactKey: Guid(e8fda8bc0ebb453429097f5af543b976) Importer(815301076,1909f56bfc062723c751e8b465ee728b)
Start importing Assets/RW/Scripts/Shared/GameSettings.cs using Guid(e8fda8bc0ebb453429097f5af543b976) Importer(815301076,1909f56bfc062723c751e8b465ee728b)  -> (artifact id: 'c66c79ea429047789617d5b950474fe6') in 0.014676 seconds
  Import took 0.017817 seconds .

========================================================================
Received Import Request.
  Time since last request: 0.001879 seconds.
  path: Assets/RW/Scripts/Shared/GameSettings.cs
  artifactKey: Guid(e8fda8bc0ebb453429097f5af543b976) Importer(815301076,1909f56bfc062723c751e8b465ee728b)
Start importing Assets/RW/Scripts/Shared/GameSettings.cs using Guid(e8fda8bc0ebb453429097f5af543b976) Importer(815301076,1909f56bfc062723c751e8b465ee728b)  -> (artifact id: 'c66c79ea429047789617d5b950474fe6') in 0.003899 seconds
  Import took 0.006418 seconds .

========================================================================
Received Prepare
Registering precompiled user dll's ...
Registered in 0.000988 seconds.
Begin MonoManager ReloadAssembly
Native extension for WindowsStandalone target not found
Refreshing native plugins compatible for Editor in 0.37 ms, found 0 plugins.
Preloading 0 native plugins for Editor in 0.00 ms.
Invoked RoslynAnalysisRunner static constructor.
RoslynAnalysisRunner will not be running.
RoslynAnalysisRunner has terminated.
Mono: successfully reloaded assembly
- Completed reload, in  1.169 seconds
Platform modules already initialized, skipping
Refreshing native plugins compatible for Editor in 0.54 ms, found 0 plugins.
Preloading 0 native plugins for Editor in 0.00 ms.
Unloading 1090 Unused Serialized files (Serialized files now loaded: 0)
System memory in use before: 59.7 MB.
System memory in use after: 59.8 MB.

Unloading 4 unused Assets to reduce memory usage. Loaded Objects now: 1575.
Total: 2.797400 ms (FindLiveObjects: 0.221600 ms CreateObjectMapping: 0.026000 ms MarkObjects: 2.490700 ms  DeleteObjects: 0.057200 ms)

========================================================================
Received Prepare
Registering precompiled user dll's ...
Registered in 0.000906 seconds.
Begin MonoManager ReloadAssembly
Native extension for WindowsStandalone target not found
Refreshing native plugins compatible for Editor in 0.37 ms, found 0 plugins.
Preloading 0 native plugins for Editor in 0.00 ms.
Invoked RoslynAnalysisRunner static constructor.
RoslynAnalysisRunner will not be running.
RoslynAnalysisRunner has terminated.
Mono: successfully reloaded assembly
- Completed reload, in  1.013 seconds
Platform modules already initialized, skipping
Refreshing native plugins compatible for Editor in 0.23 ms, found 0 plugins.
Preloading 0 native plugins for Editor in 0.00 ms.
Unloading 1090 Unused Serialized files (Serialized files now loaded: 0)
System memory in use before: 59.7 MB.
System memory in use after: 59.8 MB.

Unloading 4 unused Assets to reduce memory usage. Loaded Objects now: 1577.
Total: 3.189900 ms (FindLiveObjects: 0.137900 ms CreateObjectMapping: 0.050300 ms MarkObjects: 2.964300 ms  DeleteObjects: 0.035100 ms)

========================================================================
Received Import Request.
  Time since last request: 54.089281 seconds.
  path: Assets/RW/Scripts/Shared/GameSettings.cs
  artifactKey: Guid(e8fda8bc0ebb453429097f5af543b976) Importer(815301076,1909f56bfc062723c751e8b465ee728b)
Start importing Assets/RW/Scripts/Shared/GameSettings.cs using Guid(e8fda8bc0ebb453429097f5af543b976) Importer(815301076,1909f56bfc062723c751e8b465ee728b)  -> (artifact id: '6bad176a674bcbc7caa579ab9d8bb93b') in 0.010248 seconds
  Import took 0.014523 seconds .

========================================================================
Received Prepare
Registering precompiled user dll's ...
Registered in 0.001058 seconds.
Begin MonoManager ReloadAssembly
Native extension for WindowsStandalone target not found
Refreshing native plugins compatible for Editor in 0.22 ms, found 0 plugins.
Preloading 0 native plugins for Editor in 0.00 ms.
Invoked RoslynAnalysisRunner static constructor.
RoslynAnalysisRunner will not be running.
RoslynAnalysisRunner has terminated.
Mono: successfully reloaded assembly
- Completed reload, in  1.206 seconds
Platform modules already initialized, skipping
Refreshing native plugins compatible for Editor in 0.19 ms, found 0 plugins.
Preloading 0 native plugins for Editor in 0.00 ms.
Unloading 1090 Unused Serialized files (Serialized files now loaded: 0)
System memory in use before: 59.7 MB.
System memory in use after: 59.8 MB.

Unloading 4 unused Assets to reduce memory usage. Loaded Objects now: 1579.
Total: 2.825300 ms (FindLiveObjects: 0.191800 ms CreateObjectMapping: 0.026100 ms MarkObjects: 2.568700 ms  DeleteObjects: 0.036800 ms)

========================================================================
Received Import Request.
  Time since last request: 55.123592 seconds.
  path: Assets/RW/Scripts/Shared/GameSettings.cs
  artifactKey: Guid(e8fda8bc0ebb453429097f5af543b976) Importer(815301076,1909f56bfc062723c751e8b465ee728b)
Start importing Assets/RW/Scripts/Shared/GameSettings.cs using Guid(e8fda8bc0ebb453429097f5af543b976) Importer(815301076,1909f56bfc062723c751e8b465ee728b)  -> (artifact id: '96b127d487f49582e7c5973ea7ad5b55') in 0.010702 seconds
  Import took 0.017660 seconds .

========================================================================
Received Import Request.
  Time since last request: 9.994048 seconds.
  path: Assets/RW/Scripts/Shared/HayMachineSwitcher.cs
  artifactKey: Guid(aa02edccf8db97c44850a14ecdc86b2c) Importer(815301076,1909f56bfc062723c751e8b465ee728b)
Start importing Assets/RW/Scripts/Shared/HayMachineSwitcher.cs using Guid(aa02edccf8db97c44850a14ecdc86b2c) Importer(815301076,1909f56bfc062723c751e8b465ee728b)  -> (artifact id: 'e3232355eb3250782bdd80f71af12ec1') in 0.017278 seconds
  Import took 0.020967 seconds .

========================================================================
Received Prepare
Registering precompiled user dll's ...
Registered in 0.000700 seconds.
Begin MonoManager ReloadAssembly
Native extension for WindowsStandalone target not found
Refreshing native plugins compatible for Editor in 0.17 ms, found 0 plugins.
Preloading 0 native plugins for Editor in 0.00 ms.
Invoked RoslynAnalysisRunner static constructor.
RoslynAnalysisRunner will not be running.
RoslynAnalysisRunner has terminated.
Mono: successfully reloaded assembly
- Completed reload, in  1.134 seconds
Platform modules already initialized, skipping
Refreshing native plugins compatible for Editor in 0.20 ms, found 0 plugins.
Preloading 0 native plugins for Editor in 0.00 ms.
Unloading 1091 Unused Serialized files (Serialized files now loaded: 0)
System memory in use before: 59.8 MB.
System memory in use after: 59.9 MB.

Unloading 4 unused Assets to reduce memory usage. Loaded Objects now: 1582.
Total: 3.555600 ms (FindLiveObjects: 0.140600 ms CreateObjectMapping: 0.044400 ms MarkObjects: 3.332900 ms  DeleteObjects: 0.035600 ms)

========================================================================
Received Prepare
Registering precompiled user dll's ...
Registered in 0.001259 seconds.
Begin MonoManager ReloadAssembly
Native extension for WindowsStandalone target not found
Refreshing native plugins compatible for Editor in 0.52 ms, found 0 plugins.
Preloading 0 native plugins for Editor in 0.00 ms.
Invoked RoslynAnalysisRunner static constructor.
RoslynAnalysisRunner will not be running.
RoslynAnalysisRunner has terminated.
Mono: successfully reloaded assembly
- Completed reload, in  1.230 seconds
Platform modules already initialized, skipping
Refreshing native plugins compatible for Editor in 0.20 ms, found 0 plugins.
Preloading 0 native plugins for Editor in 0.00 ms.
Unloading 1091 Unused Serialized files (Serialized files now loaded: 0)
System memory in use before: 59.8 MB.
System memory in use after: 59.9 MB.

Unloading 4 unused Assets to reduce memory usage. Loaded Objects now: 1584.
Total: 1.907600 ms (FindLiveObjects: 0.212900 ms CreateObjectMapping: 0.038700 ms MarkObjects: 1.635700 ms  DeleteObjects: 0.018800 ms)

========================================================================
Received Import Request.
  Time since last request: 199.995914 seconds.
  path: Assets/RW/Scripts/Shared/HayMachineSwitcher.cs
  artifactKey: Guid(aa02edccf8db97c44850a14ecdc86b2c) Importer(815301076,1909f56bfc062723c751e8b465ee728b)
Start importing Assets/RW/Scripts/Shared/HayMachineSwitcher.cs using Guid(aa02edccf8db97c44850a14ecdc86b2c) Importer(815301076,1909f56bfc062723c751e8b465ee728b)  -> (artifact id: 'd7f2266f48918951daf887b3eabf8708') in 0.010711 seconds
  Import took 0.013903 seconds .

========================================================================
Received Prepare
Registering precompiled user dll's ...
Registered in 0.000757 seconds.
Begin MonoManager ReloadAssembly
Native extension for WindowsStandalone target not found
Refreshing native plugins compatible for Editor in 0.22 ms, found 0 plugins.
Preloading 0 native plugins for Editor in 0.00 ms.
Invoked RoslynAnalysisRunner static constructor.
RoslynAnalysisRunner will not be running.
RoslynAnalysisRunner has terminated.
Mono: successfully reloaded assembly
- Completed reload, in  1.083 seconds
Platform modules already initialized, skipping
Refreshing native plugins compatible for Editor in 0.41 ms, found 0 plugins.
Preloading 0 native plugins for Editor in 0.00 ms.
Unloading 1091 Unused Serialized files (Serialized files now loaded: 0)
System memory in use before: 59.8 MB.
System memory in use after: 59.9 MB.

Unloading 4 unused Assets to reduce memory usage. Loaded Objects now: 1586.
Total: 2.266800 ms (FindLiveObjects: 0.241700 ms CreateObjectMapping: 0.064200 ms MarkObjects: 1.937100 ms  DeleteObjects: 0.021300 ms)

========================================================================
Received Import Request.
  Time since last request: 91.058002 seconds.
  path: Assets/RW/Scripts/Shared/HayMachineColor.cs
  artifactKey: Guid(5ab9e6d206c9344439cbba0cfd5d9b23) Importer(815301076,1909f56bfc062723c751e8b465ee728b)
Start importing Assets/RW/Scripts/Shared/HayMachineColor.cs using Guid(5ab9e6d206c9344439cbba0cfd5d9b23) Importer(815301076,1909f56bfc062723c751e8b465ee728b)  -> (artifact id: '040c12ae0fbca998b8b9ef0b37787559') in 0.009633 seconds
  Import took 0.013963 seconds .

========================================================================
Received Prepare
Registering precompiled user dll's ...
Registered in 0.001201 seconds.
Begin MonoManager ReloadAssembly
Native extension for WindowsStandalone target not found
Refreshing native plugins compatible for Editor in 0.33 ms, found 0 plugins.
Preloading 0 native plugins for Editor in 0.00 ms.
Invoked RoslynAnalysisRunner static constructor.
RoslynAnalysisRunner will not be running.
RoslynAnalysisRunner has terminated.
Mono: successfully reloaded assembly
- Completed reload, in  1.145 seconds
Platform modules already initialized, skipping
Refreshing native plugins compatible for Editor in 0.20 ms, found 0 plugins.
Preloading 0 native plugins for Editor in 0.00 ms.
Unloading 1091 Unused Serialized files (Serialized files now loaded: 0)
System memory in use before: 59.8 MB.
System memory in use after: 59.9 MB.

Unloading 4 unused Assets to reduce memory usage. Loaded Objects now: 1588.
Total: 3.866100 ms (FindLiveObjects: 0.113800 ms CreateObjectMapping: 0.026300 ms MarkObjects: 3.695900 ms  DeleteObjects: 0.028500 ms)

========================================================================
Received Import Request.
  Time since last request: 78.814976 seconds.
  path: Assets/RW/Scripts/HayMachine.cs
  artifactKey: Guid(d1125f76aec6ff64688cb3530ebae4d4) Importer(815301076,1909f56bfc062723c751e8b465ee728b)
Start importing Assets/RW/Scripts/HayMachine.cs using Guid(d1125f76aec6ff64688cb3530ebae4d4) Importer(815301076,1909f56bfc062723c751e8b465ee728b)  -> (artifact id: 'eec8dd5152170764ee6da31fd5aa4eb8') in 0.023253 seconds
  Import took 0.028524 seconds .

========================================================================
Received Import Request.
  Time since last request: 77.305411 seconds.
  path: Assets/RW/Scenes/Title.unity
  artifactKey: Guid(54f7faf678be11946b167b94af6da5b7) Importer(815301076,1909f56bfc062723c751e8b465ee728b)
Start importing Assets/RW/Scenes/Title.unity using Guid(54f7faf678be11946b167b94af6da5b7) Importer(815301076,1909f56bfc062723c751e8b465ee728b)  -> (artifact id: '3185f426fc0eae53a635313cedca9b0e') in 0.019495 seconds
  Import took 0.024240 seconds .

========================================================================
Received Prepare
Registering precompiled user dll's ...
Registered in 0.000906 seconds.
Begin MonoManager ReloadAssembly
Native extension for WindowsStandalone target not found
Refreshing native plugins compatible for Editor in 0.27 ms, found 0 plugins.
Preloading 0 native plugins for Editor in 0.00 ms.
Invoked RoslynAnalysisRunner static constructor.
RoslynAnalysisRunner will not be running.
RoslynAnalysisRunner has terminated.
Mono: successfully reloaded assembly
- Completed reload, in  1.123 seconds
Platform modules already initialized, skipping
Refreshing native plugins compatible for Editor in 0.36 ms, found 0 plugins.
Preloading 0 native plugins for Editor in 0.00 ms.
Unloading 1091 Unused Serialized files (Serialized files now loaded: 0)
System memory in use before: 59.8 MB.
System memory in use after: 59.9 MB.

Unloading 4 unused Assets to reduce memory usage. Loaded Objects now: 1590.
Total: 3.073900 ms (FindLiveObjects: 0.131200 ms CreateObjectMapping: 0.023700 ms MarkObjects: 2.866300 ms  DeleteObjects: 0.051000 ms)

========================================================================
Received Prepare
Refreshing native plugins compatible for Editor in 1.38 ms, found 0 plugins.
Preloading 0 native plugins for Editor in 0.00 ms.
Unloading 2 Unused Serialized files (Serialized files now loaded: 0)
System memory in use before: 38.2 MB.
System memory in use after: 38.3 MB.

Unloading 2 unused Assets to reduce memory usage. Loaded Objects now: 1590.
Total: 2.306900 ms (FindLiveObjects: 0.233700 ms CreateObjectMapping: 0.052500 ms MarkObjects: 1.999100 ms  DeleteObjects: 0.020200 ms)

AssetImportWorkerClient::OnTransportError - code=2 error=End of file
